<?xml version="1.0" encoding="UTF-8"?>
<!-- Generated by org.testng.reporters.JUnitReportReporter -->
<testsuite hostname="DESKTOP-V2ONJQQ" failures="0" tests="1" name="tests.test01" time="15.895" errors="0" timestamp="2023-04-01T22:21:36 IST" skipped="0">
  <testcase classname="tests.test01" name="openSTM" time="15.895"/>
  <system-out/>
</testsuite> <!-- tests.test01 -->
